[18-Sep-2025 19:19:00 UTC] Database query failed: SQLSTATE[HY000]: General error: 1 no such table: users SQL: SELECT * FROM users WHERE username = ? AND status = 'active'
[18-Sep-2025 19:19:00 UTC] Login error: Database query failed
[18-Sep-2025 19:24:15 UTC] Database query failed: SQLSTATE[HY093]: Invalid parameter number: mixed named and positional parameters SQL: UPDATE users SET last_login = :last_login WHERE id = ?
[18-Sep-2025 19:24:15 UTC] Failed to update last login: Database query failed
[18-Sep-2025 19:24:19 UTC] PHP Warning:  Constant APP_NAME already defined in C:\laragon\www\barole\index.php on line 48
[18-Sep-2025 19:24:38 UTC] PHP Fatal error:  Uncaught Error: Call to undefined function requireAuth() in C:\laragon\www\barole\api\risk-analytics\portfolio.php:11
Stack trace:
#0 {main}
  thrown in C:\laragon\www\barole\api\risk-analytics\portfolio.php on line 11
[18-Sep-2025 19:24:38 UTC] PHP Fatal error:  Uncaught Error: Call to undefined function requireAuth() in C:\laragon\www\barole\api\risk-analytics\alerts.php:11
Stack trace:
#0 {main}
  thrown in C:\laragon\www\barole\api\risk-analytics\alerts.php on line 11
[18-Sep-2025 19:24:41 UTC] Database query failed: SQLSTATE[42S22]: Column not found: 1054 Unknown column 'department' in 'field list' SQL: 
        SELECT 
            id, username, email, full_name, role, status, 
            department, created_at, last_login
        FROM users 
        
        ORDER BY 
            CASE role
                WHEN 'admin' THEN 1
                WHEN 'manager' THEN 2
                WHEN 'trader' THEN 3
                WHEN 'analyst' THEN 4
                WHEN 'viewer' THEN 5
                ELSE 6
            END,
            username
        LIMIT ? OFFSET ?
    
[18-Sep-2025 19:24:41 UTC] Error in users/list_simple.php: Database query failed
[18-Sep-2025 19:24:44 UTC] PHP Fatal error:  Uncaught Error: Call to undefined function requireAuth() in C:\laragon\www\barole\api\risk-analytics\portfolio.php:11
Stack trace:
#0 {main}
  thrown in C:\laragon\www\barole\api\risk-analytics\portfolio.php on line 11
[18-Sep-2025 19:24:45 UTC] PHP Fatal error:  Uncaught Error: Call to undefined function requireAuth() in C:\laragon\www\barole\api\risk-analytics\alerts.php:11
Stack trace:
#0 {main}
  thrown in C:\laragon\www\barole\api\risk-analytics\alerts.php on line 11
[18-Sep-2025 19:24:49 UTC] PHP Fatal error:  Uncaught Error: Call to undefined function requireAuth() in C:\laragon\www\barole\api\risk-analytics\portfolio.php:11
Stack trace:
#0 {main}
  thrown in C:\laragon\www\barole\api\risk-analytics\portfolio.php on line 11
[18-Sep-2025 19:24:50 UTC] PHP Fatal error:  Uncaught Error: Call to undefined function requireAuth() in C:\laragon\www\barole\api\risk-analytics\alerts.php:11
Stack trace:
#0 {main}
  thrown in C:\laragon\www\barole\api\risk-analytics\alerts.php on line 11
[18-Sep-2025 19:30:59 UTC] PHP Fatal error:  Uncaught Error: Call to undefined function requireAuth() in C:\laragon\www\barole\api\risk-analytics\portfolio.php:11
Stack trace:
#0 {main}
  thrown in C:\laragon\www\barole\api\risk-analytics\portfolio.php on line 11
[18-Sep-2025 19:31:00 UTC] PHP Fatal error:  Uncaught Error: Call to undefined function requireAuth() in C:\laragon\www\barole\api\risk-analytics\alerts.php:11
Stack trace:
#0 {main}
  thrown in C:\laragon\www\barole\api\risk-analytics\alerts.php on line 11
[18-Sep-2025 19:31:03 UTC] Database query failed: SQLSTATE[42S22]: Column not found: 1054 Unknown column 'department' in 'field list' SQL: 
        SELECT 
            id, username, email, full_name, role, status, 
            department, created_at, last_login
        FROM users 
        
        ORDER BY 
            CASE role
                WHEN 'admin' THEN 1
                WHEN 'manager' THEN 2
                WHEN 'trader' THEN 3
                WHEN 'analyst' THEN 4
                WHEN 'viewer' THEN 5
                ELSE 6
            END,
            username
        LIMIT ? OFFSET ?
    
[18-Sep-2025 19:31:03 UTC] Error in users/list_simple.php: Database query failed
[18-Sep-2025 19:31:04 UTC] Database query failed: SQLSTATE[42S22]: Column not found: 1054 Unknown column 'department' in 'field list' SQL: 
        SELECT 
            id, username, email, full_name, role, status, 
            department, created_at, last_login
        FROM users 
        
        ORDER BY 
            CASE role
                WHEN 'admin' THEN 1
                WHEN 'manager' THEN 2
                WHEN 'trader' THEN 3
                WHEN 'analyst' THEN 4
                WHEN 'viewer' THEN 5
                ELSE 6
            END,
            username
        LIMIT ? OFFSET ?
    
[18-Sep-2025 19:31:04 UTC] Error in users/list_simple.php: Database query failed
[18-Sep-2025 19:31:05 UTC] Database query failed: SQLSTATE[42S22]: Column not found: 1054 Unknown column 'department' in 'field list' SQL: 
        SELECT 
            id, username, email, full_name, role, status, 
            department, created_at, last_login
        FROM users 
        
        ORDER BY 
            CASE role
                WHEN 'admin' THEN 1
                WHEN 'manager' THEN 2
                WHEN 'trader' THEN 3
                WHEN 'analyst' THEN 4
                WHEN 'viewer' THEN 5
                ELSE 6
            END,
            username
        LIMIT ? OFFSET ?
    
[18-Sep-2025 19:31:05 UTC] Error in users/list_simple.php: Database query failed
[18-Sep-2025 19:31:09 UTC] Database query failed: SQLSTATE[42S22]: Column not found: 1054 Unknown column 'department' in 'field list' SQL: 
        SELECT 
            id, username, email, full_name, role, status, 
            department, created_at, last_login
        FROM users 
        
        ORDER BY 
            CASE role
                WHEN 'admin' THEN 1
                WHEN 'manager' THEN 2
                WHEN 'trader' THEN 3
                WHEN 'analyst' THEN 4
                WHEN 'viewer' THEN 5
                ELSE 6
            END,
            username
        LIMIT ? OFFSET ?
    
[18-Sep-2025 19:31:09 UTC] Error in users/list_simple.php: Database query failed
[18-Sep-2025 19:32:01 UTC] PHP Fatal error:  Uncaught Error: Call to undefined function requireAuth() in C:\laragon\www\barole\api\risk-analytics\alerts.php:11
Stack trace:
#0 {main}
  thrown in C:\laragon\www\barole\api\risk-analytics\alerts.php on line 11
[18-Sep-2025 19:32:02 UTC] PHP Fatal error:  Uncaught Error: Call to undefined function requireAuth() in C:\laragon\www\barole\api\risk-analytics\portfolio.php:11
Stack trace:
#0 {main}
  thrown in C:\laragon\www\barole\api\risk-analytics\portfolio.php on line 11
[18-Sep-2025 19:32:09 UTC] Database query failed: SQLSTATE[42S22]: Column not found: 1054 Unknown column 's.counterparty_id' in 'on clause' SQL: 
        SELECT 
            s.*,
            c.name as counterparty_name
        FROM settlements s
        LEFT JOIN counterparties c ON s.counterparty_id = c.id
        
        ORDER BY s.created_at DESC
        LIMIT ? OFFSET ?
    
[18-Sep-2025 19:32:09 UTC] Settlements API error: Database query failed
[18-Sep-2025 19:32:18 UTC] Database query failed: SQLSTATE[42S22]: Column not found: 1054 Unknown column 'department' in 'field list' SQL: 
        SELECT 
            id, username, email, full_name, role, status, 
            department, created_at, last_login
        FROM users 
        
        ORDER BY 
            CASE role
                WHEN 'admin' THEN 1
                WHEN 'manager' THEN 2
                WHEN 'trader' THEN 3
                WHEN 'analyst' THEN 4
                WHEN 'viewer' THEN 5
                ELSE 6
            END,
            username
        LIMIT ? OFFSET ?
    
[18-Sep-2025 19:32:18 UTC] Error in users/list_simple.php: Database query failed
[18-Sep-2025 19:32:19 UTC] Database query failed: SQLSTATE[42S22]: Column not found: 1054 Unknown column 'department' in 'field list' SQL: 
        SELECT 
            id, username, email, full_name, role, status, 
            department, created_at, last_login
        FROM users 
        
        ORDER BY 
            CASE role
                WHEN 'admin' THEN 1
                WHEN 'manager' THEN 2
                WHEN 'trader' THEN 3
                WHEN 'analyst' THEN 4
                WHEN 'viewer' THEN 5
                ELSE 6
            END,
            username
        LIMIT ? OFFSET ?
    
[18-Sep-2025 19:32:19 UTC] Error in users/list_simple.php: Database query failed
[18-Sep-2025 19:32:20 UTC] Database query failed: SQLSTATE[42S22]: Column not found: 1054 Unknown column 'department' in 'field list' SQL: 
        SELECT 
            id, username, email, full_name, role, status, 
            department, created_at, last_login
        FROM users 
        
        ORDER BY 
            CASE role
                WHEN 'admin' THEN 1
                WHEN 'manager' THEN 2
                WHEN 'trader' THEN 3
                WHEN 'analyst' THEN 4
                WHEN 'viewer' THEN 5
                ELSE 6
            END,
            username
        LIMIT ? OFFSET ?
    
[18-Sep-2025 19:32:20 UTC] Error in users/list_simple.php: Database query failed
[18-Sep-2025 19:32:20 UTC] Database query failed: SQLSTATE[42S22]: Column not found: 1054 Unknown column 'department' in 'field list' SQL: 
        SELECT 
            id, username, email, full_name, role, status, 
            department, created_at, last_login
        FROM users 
        
        ORDER BY 
            CASE role
                WHEN 'admin' THEN 1
                WHEN 'manager' THEN 2
                WHEN 'trader' THEN 3
                WHEN 'analyst' THEN 4
                WHEN 'viewer' THEN 5
                ELSE 6
            END,
            username
        LIMIT ? OFFSET ?
    
[18-Sep-2025 19:32:20 UTC] Error in users/list_simple.php: Database query failed
[18-Sep-2025 19:32:21 UTC] Database query failed: SQLSTATE[42S22]: Column not found: 1054 Unknown column 'department' in 'field list' SQL: 
        SELECT 
            id, username, email, full_name, role, status, 
            department, created_at, last_login
        FROM users 
        
        ORDER BY 
            CASE role
                WHEN 'admin' THEN 1
                WHEN 'manager' THEN 2
                WHEN 'trader' THEN 3
                WHEN 'analyst' THEN 4
                WHEN 'viewer' THEN 5
                ELSE 6
            END,
            username
        LIMIT ? OFFSET ?
    
[18-Sep-2025 19:32:21 UTC] Error in users/list_simple.php: Database query failed
[18-Sep-2025 19:33:00 UTC] PHP Fatal error:  Uncaught Error: Call to undefined function requireAuth() in C:\laragon\www\barole\api\risk-analytics\portfolio.php:11
Stack trace:
#0 {main}
  thrown in C:\laragon\www\barole\api\risk-analytics\portfolio.php on line 11
[18-Sep-2025 19:33:01 UTC] PHP Fatal error:  Uncaught Error: Call to undefined function requireAuth() in C:\laragon\www\barole\api\risk-analytics\alerts.php:11
Stack trace:
#0 {main}
  thrown in C:\laragon\www\barole\api\risk-analytics\alerts.php on line 11
[18-Sep-2025 19:33:08 UTC] PHP Warning:  Constant APP_NAME already defined in C:\laragon\www\barole\index.php on line 48
[18-Sep-2025 19:33:13 UTC] PHP Warning:  Constant APP_NAME already defined in C:\laragon\www\barole\index.php on line 48
[18-Sep-2025 19:33:20 UTC] PHP Fatal error:  Uncaught Error: Call to undefined function requireAuth() in C:\laragon\www\barole\api\risk-analytics\portfolio.php:11
Stack trace:
#0 {main}
  thrown in C:\laragon\www\barole\api\risk-analytics\portfolio.php on line 11
[18-Sep-2025 19:33:21 UTC] PHP Fatal error:  Uncaught Error: Call to undefined function requireAuth() in C:\laragon\www\barole\api\risk-analytics\alerts.php:11
Stack trace:
#0 {main}
  thrown in C:\laragon\www\barole\api\risk-analytics\alerts.php on line 11
[18-Sep-2025 19:33:23 UTC] Database query failed: SQLSTATE[42S22]: Column not found: 1054 Unknown column 'department' in 'field list' SQL: 
        SELECT 
            id, username, email, full_name, role, status, 
            department, created_at, last_login
        FROM users 
        
        ORDER BY 
            CASE role
                WHEN 'admin' THEN 1
                WHEN 'manager' THEN 2
                WHEN 'trader' THEN 3
                WHEN 'analyst' THEN 4
                WHEN 'viewer' THEN 5
                ELSE 6
            END,
            username
        LIMIT ? OFFSET ?
    
[18-Sep-2025 19:33:23 UTC] Error in users/list_simple.php: Database query failed
[19-Sep-2025 07:42:55 UTC] PHP Fatal error:  Uncaught Error: Call to undefined function requireAuth() in C:\laragon\www\barole\api\risk-analytics\alerts.php:11
Stack trace:
#0 {main}
  thrown in C:\laragon\www\barole\api\risk-analytics\alerts.php on line 11
[19-Sep-2025 07:42:56 UTC] PHP Fatal error:  Uncaught Error: Call to undefined function requireAuth() in C:\laragon\www\barole\api\risk-analytics\portfolio.php:11
Stack trace:
#0 {main}
  thrown in C:\laragon\www\barole\api\risk-analytics\portfolio.php on line 11
[19-Sep-2025 07:42:59 UTC] PHP Fatal error:  Uncaught Error: Call to undefined function requireAuth() in C:\laragon\www\barole\api\risk-analytics\alerts.php:11
Stack trace:
#0 {main}
  thrown in C:\laragon\www\barole\api\risk-analytics\alerts.php on line 11
[19-Sep-2025 07:43:00 UTC] PHP Fatal error:  Uncaught Error: Call to undefined function requireAuth() in C:\laragon\www\barole\api\reports\recent.php:11
Stack trace:
#0 {main}
  thrown in C:\laragon\www\barole\api\reports\recent.php on line 11
[19-Sep-2025 07:44:30 UTC] PHP Fatal error:  Uncaught Error: Call to undefined function requireAuth() in C:\laragon\www\barole\api\risk-analytics\alerts.php:11
Stack trace:
#0 {main}
  thrown in C:\laragon\www\barole\api\risk-analytics\alerts.php on line 11
[19-Sep-2025 07:44:31 UTC] PHP Fatal error:  Uncaught Error: Call to undefined function requireAuth() in C:\laragon\www\barole\api\risk-analytics\portfolio.php:11
Stack trace:
#0 {main}
  thrown in C:\laragon\www\barole\api\risk-analytics\portfolio.php on line 11
[19-Sep-2025 07:44:31 UTC] PHP Fatal error:  Uncaught Error: Call to undefined function requireAuth() in C:\laragon\www\barole\api\risk-analytics\portfolio.php:11
Stack trace:
#0 {main}
  thrown in C:\laragon\www\barole\api\risk-analytics\portfolio.php on line 11
[19-Sep-2025 07:44:37 UTC] PHP Fatal error:  Uncaught Error: Call to undefined function requireAuth() in C:\laragon\www\barole\api\risk-analytics\portfolio.php:11
Stack trace:
#0 {main}
  thrown in C:\laragon\www\barole\api\risk-analytics\portfolio.php on line 11
[19-Sep-2025 07:44:38 UTC] PHP Fatal error:  Uncaught Error: Call to undefined function requireAuth() in C:\laragon\www\barole\api\risk-analytics\alerts.php:11
Stack trace:
#0 {main}
  thrown in C:\laragon\www\barole\api\risk-analytics\alerts.php on line 11
[19-Sep-2025 07:44:38 UTC] PHP Fatal error:  Uncaught Error: Call to undefined function requireAuth() in C:\laragon\www\barole\api\risk-analytics\portfolio.php:11
Stack trace:
#0 {main}
  thrown in C:\laragon\www\barole\api\risk-analytics\portfolio.php on line 11
[19-Sep-2025 07:44:38 UTC] PHP Fatal error:  Uncaught Error: Call to undefined function requireAuth() in C:\laragon\www\barole\api\risk-analytics\alerts.php:11
Stack trace:
#0 {main}
  thrown in C:\laragon\www\barole\api\risk-analytics\alerts.php on line 11
